Arguments: 
  G:\node\node.exe G:\node\node_global\node_modules\yarn\bin\yarn.js config get npmRegistryServer

PATH: 
  G:\字节青训营\青训营\dayThree\ant_design\node_modules\.bin;G:\字节青训营\青训营\dayThree\node_modules\.bin;G:\字节青训营\青训营\node_modules\.bin;G:\字节青训营\node_modules\.bin;G:\node_modules\.bin;G:\node;C:\Windows\System32;"G:\keil4\ARM\ARMCC\bin;";C:\Program Files\Apache Software Foundation\Tomcat 9.0\lib;C:\Program Files\Apache Software Foundation\Tomcat 9.0\bin;G:\mongodb\bin;G:\xshell\;G:\xftp\;C:\Program Files\dotnet\;C:\Program Files (x86)\dotnet\;G:\maven\apache-maven-3.8.1\bin;G:\mysql\bin;C:\Program Files\Java\jdk1.8.0_271\bin;C:\Program Files\Java\jdk1.8.0_271\jre\bin;G:\node.js\nvm\nvm;C:\Program Files\nodejs;G:\node\;G:\node\node_global\node_modules\yarn\bin;G:\node;G:\node\node_modules;G:\node\node_global;G:\python3.7\Scripts\;G:\python3.7\;G:\ruby\Ruby27-x64\bin;C:\Users\tap啊tap\AppData\Local\Microsoft\WindowsApps;C:\Program Files\Bandizip\;G:\网页设计\vscode\Microsoft VS Code\bin;node_global;node_cache;G:\git\Git\bin;G:\webstorm\WebStorm 2019.3.3\bin;;C:\Windows\System32;G:\mongodb\bin;G:\IDEA\IntelliJ IDEA 2019.3.3\bin;;G:\node.js\nvm\nvm;C:\Program Files\nodejs;C:\Users\tap啊tap\AppData\Roaming\npm

Yarn version: 
  1.22.11

Node version: 
  14.17.6

Platform: 
  win32 x64

Trace: 
  Error: EPERM: operation not permitted, mkdir 'G:\node\Yarn\Cache\v6'

npm manifest: 
  {
    "name": "KOA_SETUP",
    "version": "1.0.0",
    "type": "module",
    "bin": "./bin/index.js",
    "main": "index.js",
    "scripts": {
      "test": "rimraf ./haha && KOA_SETUP index.js"
    },
    "license": "MIT",
    "dependencies": {
      "ejs": "^3.1.6",
      "execa": "^5.1.1",
      "inquirer": "^8.1.5",
      "prettier": "^2.4.1"
    }
  }

yarn manifest: 
  No manifest

Lockfile: 
  # THIS IS AN AUTOGENERATED FILE. DO NOT EDIT THIS FILE DIRECTLY.
  # yarn lockfile v1
